2017/11/10 13:29:45,767.000[stsample.cpp:8][INFO]:STSample start...
2017/11/10 13:29:49,675.000[stsample.cpp:150][INFO]:subscribeStream:59ded446e355200aacff75bc-common
2017/11/10 13:29:49,676.000[stsample.cpp:151][INFO]:subscribeStream:3
2017/11/10 13:29:50,021.000[stsample.cpp:150][INFO]:subscribeStream:59ded446e355200aacff75bc-second
2017/11/10 13:29:50,022.000[stsample.cpp:151][INFO]:subscribeStream:3
2017/11/10 13:29:50,368.000[stsample.cpp:150][INFO]:subscribeStream:496593030404812000
2017/11/10 13:29:50,369.000[stsample.cpp:151][INFO]:subscribeStream:3
2017/11/10 13:29:50,742.000[stsample.cpp:183][INFO]:unsubscribeStream:59ded446e355200aacff75bc-second
2017/11/10 13:29:50,743.000[stsample.cpp:184][INFO]:unsubscribeStream:3
2017/11/10 13:29:50,743.000[stsample.cpp:186][INFO]:111
2017/11/10 13:29:50,744.000[stsample.cpp:193][INFO]:111
2017/11/10 13:29:50,745.000[stsample.cpp:196][INFO]:Unsubscribe:59ded446e355200aacff75bc-second
2017/11/10 13:35:48,666.000[stsample.cpp:8][INFO]:STSample start...
2017/11/10 13:37:23,398.000[stsample.cpp:8][INFO]:STSample start...
2017/11/10 13:37:28,900.000[stsample.cpp:182][INFO]:111
2017/11/10 13:37:28,901.000[stsample.cpp:189][INFO]:111
2017/11/10 13:37:28,901.000[stsample.cpp:192][INFO]:Unsubscribe:59ded446e355200aacff75bc-second
2017/11/10 13:38:40,041.000[stsample.cpp:8][INFO]:STSample start...
2017/11/10 13:38:44,957.000[stsample.cpp:181][INFO]:111
2017/11/10 13:38:44,958.000[stsample.cpp:188][INFO]:111
2017/11/10 13:38:46,077.000[stsample.cpp:181][INFO]:111
2017/11/10 13:38:46,078.000[stsample.cpp:188][INFO]:111
2017/11/10 13:38:46,535.000[stsample.cpp:181][INFO]:111
2017/11/10 13:38:46,536.000[stsample.cpp:188][INFO]:111
2017/11/10 13:38:46,957.000[stsample.cpp:181][INFO]:111
2017/11/10 13:38:46,958.000[stsample.cpp:188][INFO]:111
2017/11/10 13:38:47,914.000[stsample.cpp:181][INFO]:111
2017/11/10 13:38:47,915.000[stsample.cpp:188][INFO]:111
2017/11/10 13:38:49,132.000[stsample.cpp:181][INFO]:111
2017/11/10 13:38:49,133.000[stsample.cpp:188][INFO]:111
2017/11/10 13:39:03,071.000[stsample.cpp:8][INFO]:STSample start...
2017/11/10 13:39:08,283.000[stsample.cpp:182][INFO]:111
2017/11/10 13:39:08,283.000[stsample.cpp:189][INFO]:111
2017/11/10 13:39:08,946.000[stsample.cpp:182][INFO]:111
2017/11/10 13:39:08,946.000[stsample.cpp:189][INFO]:111
2017/11/10 13:39:09,727.000[stsample.cpp:182][INFO]:111
2017/11/10 13:39:09,728.000[stsample.cpp:189][INFO]:111
2017/11/10 13:39:10,078.000[stsample.cpp:182][INFO]:111
2017/11/10 13:39:10,079.000[stsample.cpp:189][INFO]:111
2017/11/10 13:39:11,374.000[stsample.cpp:182][INFO]:111
2017/11/10 13:39:11,374.000[stsample.cpp:189][INFO]:111
2017/11/10 13:39:11,668.000[stsample.cpp:182][INFO]:111
2017/11/10 13:39:11,668.000[stsample.cpp:189][INFO]:111
2017/11/10 13:39:49,498.000[stsample.cpp:8][INFO]:STSample start...
2017/11/10 13:39:54,600.000[stsample.cpp:182][INFO]:111
2017/11/10 13:39:54,600.000[stsample.cpp:189][INFO]:111
2017/11/10 13:39:55,170.000[stsample.cpp:182][INFO]:111
2017/11/10 13:39:55,170.000[stsample.cpp:189][INFO]:111
2017/11/10 13:39:55,938.000[stsample.cpp:182][INFO]:111
2017/11/10 13:39:55,938.000[stsample.cpp:189][INFO]:111
2017/11/10 13:39:56,265.000[stsample.cpp:182][INFO]:111
2017/11/10 13:39:56,266.000[stsample.cpp:189][INFO]:111
2017/11/10 13:39:58,008.000[stsample.cpp:182][INFO]:111
2017/11/10 13:39:58,008.000[stsample.cpp:189][INFO]:111
2017/11/10 13:39:58,469.000[stsample.cpp:182][INFO]:111
2017/11/10 13:39:58,469.000[stsample.cpp:189][INFO]:111
2017/11/10 13:39:58,984.000[stsample.cpp:182][INFO]:111
2017/11/10 13:39:58,985.000[stsample.cpp:189][INFO]:111
2017/11/10 13:40:00,615.000[stsample.cpp:182][INFO]:111
2017/11/10 13:40:00,615.000[stsample.cpp:189][INFO]:111
2017/11/10 13:40:00,917.000[stsample.cpp:182][INFO]:111
2017/11/10 13:40:00,918.000[stsample.cpp:189][INFO]:111
2017/11/10 13:40:01,642.000[stsample.cpp:182][INFO]:111
2017/11/10 13:40:01,642.000[stsample.cpp:189][INFO]:111
2017/11/10 13:40:01,949.000[stsample.cpp:182][INFO]:111
2017/11/10 13:40:01,950.000[stsample.cpp:189][INFO]:111
2017/11/10 13:40:03,335.000[stsample.cpp:182][INFO]:111
2017/11/10 13:40:03,336.000[stsample.cpp:189][INFO]:111
2017/11/10 13:40:03,647.000[stsample.cpp:182][INFO]:111
2017/11/10 13:40:03,648.000[stsample.cpp:189][INFO]:111
2017/11/10 13:40:04,329.000[stsample.cpp:182][INFO]:111
2017/11/10 13:40:04,329.000[stsample.cpp:189][INFO]:111
2017/11/10 13:40:04,643.000[stsample.cpp:182][INFO]:111
2017/11/10 13:40:04,644.000[stsample.cpp:189][INFO]:111
2017/11/10 13:41:18,520.000[stsample.cpp:8][INFO]:STSample start...
2017/11/10 13:41:25,398.000[stsample.cpp:182][INFO]:111
2017/11/10 13:41:25,399.000[stsample.cpp:189][INFO]:111
2017/11/10 13:41:25,450.000[stsample.cpp:194][INFO]:111
2017/11/10 13:41:25,451.000[stsample.cpp:195][INFO]:111
2017/11/10 13:41:25,453.000[stsample.cpp:198][INFO]:111
2017/11/10 13:41:25,454.000[stsample.cpp:200][INFO]:111
2017/11/10 13:41:26,386.000[stsample.cpp:182][INFO]:111
2017/11/10 13:41:26,386.000[stsample.cpp:189][INFO]:111
2017/11/10 13:41:26,436.000[stsample.cpp:194][INFO]:111
2017/11/10 13:41:26,437.000[stsample.cpp:195][INFO]:111
2017/11/10 13:41:26,438.000[stsample.cpp:198][INFO]:111
2017/11/10 13:41:26,440.000[stsample.cpp:200][INFO]:111
2017/11/10 13:41:27,560.000[stsample.cpp:182][INFO]:111
2017/11/10 13:41:27,561.000[stsample.cpp:189][INFO]:111
2017/11/10 13:41:27,615.000[stsample.cpp:194][INFO]:111
2017/11/10 13:41:27,616.000[stsample.cpp:195][INFO]:111
2017/11/10 13:41:27,617.000[stsample.cpp:198][INFO]:111
2017/11/10 13:41:27,618.000[stsample.cpp:200][INFO]:111
2017/11/10 13:41:28,763.000[stsample.cpp:182][INFO]:111
2017/11/10 13:41:28,764.000[stsample.cpp:189][INFO]:111
2017/11/10 13:41:28,811.000[stsample.cpp:194][INFO]:111
2017/11/10 13:41:28,812.000[stsample.cpp:195][INFO]:111
2017/11/10 13:41:28,812.000[stsample.cpp:198][INFO]:111
2017/11/10 13:41:28,815.000[stsample.cpp:200][INFO]:111
2017/11/10 13:41:30,364.000[stsample.cpp:182][INFO]:111
2017/11/10 13:41:30,365.000[stsample.cpp:189][INFO]:111
2017/11/10 13:41:30,426.000[stsample.cpp:194][INFO]:111
2017/11/10 13:41:30,428.000[stsample.cpp:195][INFO]:111
2017/11/10 13:41:30,429.000[stsample.cpp:198][INFO]:111
2017/11/10 13:41:30,429.000[stsample.cpp:200][INFO]:111
2017/11/10 13:41:30,811.000[stsample.cpp:182][INFO]:111
2017/11/10 13:41:30,812.000[stsample.cpp:189][INFO]:111
2017/11/10 13:41:30,863.000[stsample.cpp:194][INFO]:111
2017/11/10 13:41:30,864.000[stsample.cpp:195][INFO]:111
2017/11/10 13:41:30,864.000[stsample.cpp:198][INFO]:111
2017/11/10 13:41:30,865.000[stsample.cpp:200][INFO]:111
2017/11/10 13:41:31,339.000[stsample.cpp:182][INFO]:111
2017/11/10 13:41:31,340.000[stsample.cpp:189][INFO]:111
2017/11/10 13:41:31,387.000[stsample.cpp:194][INFO]:111
2017/11/10 13:41:31,388.000[stsample.cpp:195][INFO]:111
2017/11/10 13:41:31,388.000[stsample.cpp:198][INFO]:111
2017/11/10 13:41:31,390.000[stsample.cpp:200][INFO]:111
2017/11/10 13:41:33,530.000[stsample.cpp:182][INFO]:111
2017/11/10 13:41:33,531.000[stsample.cpp:189][INFO]:111
2017/11/10 13:41:33,636.000[stsample.cpp:194][INFO]:111
2017/11/10 13:41:33,637.000[stsample.cpp:195][INFO]:111
2017/11/10 13:41:33,638.000[stsample.cpp:198][INFO]:111
2017/11/10 13:41:33,641.000[stsample.cpp:200][INFO]:111
2017/11/10 13:41:33,990.000[stsample.cpp:182][INFO]:111
2017/11/10 13:41:33,991.000[stsample.cpp:189][INFO]:111
2017/11/10 13:41:34,043.000[stsample.cpp:194][INFO]:111
2017/11/10 13:41:34,043.000[stsample.cpp:195][INFO]:111
2017/11/10 13:41:34,044.000[stsample.cpp:198][INFO]:111
2017/11/10 13:41:34,047.000[stsample.cpp:200][INFO]:111
2017/11/10 13:41:36,398.000[stsample.cpp:182][INFO]:111
2017/11/10 13:41:36,399.000[stsample.cpp:189][INFO]:111
2017/11/10 13:41:52,791.000[stsample.cpp:8][INFO]:STSample start...
2017/11/10 13:42:03,689.000[stsample.cpp:182][INFO]:111
2017/11/10 13:42:03,690.000[stsample.cpp:189][INFO]:111
2017/11/10 13:42:03,736.000[stsample.cpp:194][INFO]:111
2017/11/10 13:42:03,737.000[stsample.cpp:195][INFO]:111
2017/11/10 13:42:03,739.000[stsample.cpp:198][INFO]:111
2017/11/10 13:42:03,740.000[stsample.cpp:200][INFO]:111
2017/11/10 13:42:05,541.000[stsample.cpp:182][INFO]:111
2017/11/10 13:42:05,541.000[stsample.cpp:189][INFO]:111
2017/11/10 13:42:05,591.000[stsample.cpp:194][INFO]:111
2017/11/10 13:42:05,592.000[stsample.cpp:195][INFO]:111
2017/11/10 13:42:05,593.000[stsample.cpp:198][INFO]:111
2017/11/10 13:42:05,593.000[stsample.cpp:200][INFO]:111
2017/11/10 13:42:06,759.000[stsample.cpp:182][INFO]:111
2017/11/10 13:42:06,760.000[stsample.cpp:189][INFO]:111
2017/11/10 13:42:06,814.000[stsample.cpp:194][INFO]:111
2017/11/10 13:42:06,814.000[stsample.cpp:195][INFO]:111
2017/11/10 13:42:06,815.000[stsample.cpp:198][INFO]:111
2017/11/10 13:42:06,816.000[stsample.cpp:200][INFO]:111
2017/11/10 13:42:13,147.000[stsample.cpp:182][INFO]:111
2017/11/10 13:42:13,147.000[stsample.cpp:189][INFO]:111
2017/11/10 13:42:13,201.000[stsample.cpp:194][INFO]:111
2017/11/10 13:42:13,204.000[stsample.cpp:195][INFO]:111
2017/11/10 13:42:13,204.000[stsample.cpp:198][INFO]:111
2017/11/10 13:42:13,205.000[stsample.cpp:200][INFO]:111
2017/11/10 13:42:15,297.000[stsample.cpp:182][INFO]:111
2017/11/10 13:42:15,297.000[stsample.cpp:189][INFO]:111
2017/11/10 13:42:15,350.000[stsample.cpp:194][INFO]:111
2017/11/10 13:42:15,350.000[stsample.cpp:195][INFO]:111
2017/11/10 13:42:15,351.000[stsample.cpp:198][INFO]:111
2017/11/10 13:42:15,352.000[stsample.cpp:200][INFO]:111
2017/11/10 13:42:16,468.000[stsample.cpp:182][INFO]:111
2017/11/10 13:42:16,469.000[stsample.cpp:189][INFO]:111
2017/11/10 13:42:16,516.000[stsample.cpp:194][INFO]:111
2017/11/10 13:42:16,517.000[stsample.cpp:195][INFO]:111
2017/11/10 13:42:16,518.000[stsample.cpp:198][INFO]:111
2017/11/10 13:42:16,519.000[stsample.cpp:200][INFO]:111
2017/11/10 13:42:22,516.000[stsample.cpp:182][INFO]:111
2017/11/10 13:42:22,516.000[stsample.cpp:189][INFO]:111
2017/11/10 13:42:22,565.000[stsample.cpp:194][INFO]:111
2017/11/10 13:42:22,566.000[stsample.cpp:195][INFO]:111
2017/11/10 13:42:22,567.000[stsample.cpp:198][INFO]:111
2017/11/10 13:42:22,568.000[stsample.cpp:200][INFO]:111
2017/11/10 13:42:57,204.000[stsample.cpp:8][INFO]:STSample start...
2017/11/10 13:43:11,384.000[stsample.cpp:182][INFO]:111
2017/11/10 13:43:11,385.000[stsample.cpp:189][INFO]:111
2017/11/10 13:43:11,437.000[stsample.cpp:194][INFO]:111
2017/11/10 13:43:11,438.000[stsample.cpp:195][INFO]:111
2017/11/10 13:43:11,441.000[stsample.cpp:198][INFO]:111
2017/11/10 13:43:11,441.000[stsample.cpp:200][INFO]:111
2017/11/10 13:43:14,571.000[stsample.cpp:182][INFO]:111
2017/11/10 13:43:14,571.000[stsample.cpp:189][INFO]:111
2017/11/10 13:43:14,624.000[stsample.cpp:194][INFO]:111
2017/11/10 13:43:14,624.000[stsample.cpp:195][INFO]:111
2017/11/10 13:43:14,627.000[stsample.cpp:198][INFO]:111
2017/11/10 13:43:14,628.000[stsample.cpp:200][INFO]:111
2017/11/10 13:43:17,882.000[stsample.cpp:182][INFO]:111
2017/11/10 13:43:17,883.000[stsample.cpp:189][INFO]:111
2017/11/10 13:43:17,936.000[stsample.cpp:194][INFO]:111
2017/11/10 13:43:17,937.000[stsample.cpp:195][INFO]:111
2017/11/10 13:43:17,938.000[stsample.cpp:198][INFO]:111
2017/11/10 13:43:17,939.000[stsample.cpp:200][INFO]:111
2017/11/10 13:43:19,442.000[stsample.cpp:182][INFO]:111
2017/11/10 13:43:19,442.000[stsample.cpp:189][INFO]:111
2017/11/10 13:43:19,490.000[stsample.cpp:194][INFO]:111
2017/11/10 13:43:19,491.000[stsample.cpp:195][INFO]:111
2017/11/10 13:43:19,492.000[stsample.cpp:198][INFO]:111
2017/11/10 13:43:19,493.000[stsample.cpp:200][INFO]:111
2017/11/10 13:43:25,216.000[stsample.cpp:182][INFO]:111
2017/11/10 13:43:25,217.000[stsample.cpp:189][INFO]:111
2017/11/10 13:43:25,269.000[stsample.cpp:194][INFO]:111
2017/11/10 13:43:25,270.000[stsample.cpp:195][INFO]:111
2017/11/10 13:43:25,271.000[stsample.cpp:198][INFO]:111
2017/11/10 13:43:25,271.000[stsample.cpp:200][INFO]:111
2017/11/10 13:43:27,461.000[stsample.cpp:182][INFO]:111
2017/11/10 13:43:27,462.000[stsample.cpp:189][INFO]:111
2017/11/10 13:43:27,512.000[stsample.cpp:194][INFO]:111
2017/11/10 13:43:27,513.000[stsample.cpp:195][INFO]:111
2017/11/10 13:43:27,513.000[stsample.cpp:198][INFO]:111
2017/11/10 13:43:27,514.000[stsample.cpp:200][INFO]:111
2017/11/10 13:43:29,282.000[stsample.cpp:182][INFO]:111
2017/11/10 13:43:29,283.000[stsample.cpp:189][INFO]:111
2017/11/10 13:43:29,329.000[stsample.cpp:194][INFO]:111
2017/11/10 13:43:29,329.000[stsample.cpp:195][INFO]:111
2017/11/10 13:43:29,330.000[stsample.cpp:198][INFO]:111
2017/11/10 13:43:29,331.000[stsample.cpp:200][INFO]:111
2017/11/10 13:44:10,360.000[stsample.cpp:8][INFO]:STSample start...
2017/11/10 13:44:16,659.000[stsample.cpp:88][INFO]:111
2017/11/10 13:44:17,576.000[stsample.cpp:88][INFO]:111
2017/11/10 13:44:18,905.000[stsample.cpp:88][INFO]:111
2017/11/10 13:44:21,430.000[stsample.cpp:182][INFO]:111
2017/11/10 13:44:21,431.000[stsample.cpp:189][INFO]:111
2017/11/10 13:44:21,484.000[stsample.cpp:194][INFO]:111
2017/11/10 13:44:21,485.000[stsample.cpp:195][INFO]:111
2017/11/10 13:44:21,485.000[stsample.cpp:198][INFO]:111
2017/11/10 13:44:21,487.000[stsample.cpp:200][INFO]:111
2017/11/10 13:44:21,498.000[stsample.cpp:88][INFO]:111
2017/11/10 13:44:21,498.000[stsample.cpp:110][INFO]:111:59ded446e355200aacff75bc-second
2017/11/10 13:44:21,503.000[stsample.cpp:112][INFO]:111
2017/11/10 13:44:21,504.000[stsample.cpp:114][INFO]:111
2017/11/10 13:44:21,504.000[stsample.cpp:116][INFO]:111
2017/11/10 13:44:21,505.000[stsample.cpp:118][INFO]:111
2017/11/10 13:44:21,506.000[stsample.cpp:121][INFO]:111
2017/11/10 13:44:21,506.000[stsample.cpp:123][INFO]:111
2017/11/10 13:44:59,320.000[stsample.cpp:8][INFO]:STSample start...
2017/11/10 13:45:05,436.000[stsample.cpp:88][INFO]:111
2017/11/10 13:45:06,505.000[stsample.cpp:182][INFO]:111
2017/11/10 13:45:06,505.000[stsample.cpp:189][INFO]:111
2017/11/10 13:45:06,560.000[stsample.cpp:194][INFO]:111
2017/11/10 13:45:06,560.000[stsample.cpp:195][INFO]:111
2017/11/10 13:45:06,561.000[stsample.cpp:198][INFO]:111
2017/11/10 13:45:06,563.000[stsample.cpp:200][INFO]:111
2017/11/10 13:45:06,599.000[stsample.cpp:88][INFO]:111
2017/11/10 13:45:06,600.000[stsample.cpp:110][INFO]:111:59ded446e355200aacff75bc-common
2017/11/10 13:45:06,604.000[stsample.cpp:112][INFO]:111
2017/11/10 13:45:06,604.000[stsample.cpp:114][INFO]:111
2017/11/10 13:45:06,605.000[stsample.cpp:116][INFO]:111
2017/11/10 13:45:06,606.000[stsample.cpp:118][INFO]:111
2017/11/10 13:45:06,606.000[stsample.cpp:121][INFO]:111
2017/11/10 13:45:06,607.000[stsample.cpp:123][INFO]:111
2017/11/10 13:45:08,690.000[stsample.cpp:88][INFO]:111
2017/11/10 13:45:10,669.000[stsample.cpp:182][INFO]:111
2017/11/10 13:45:10,670.000[stsample.cpp:189][INFO]:111
2017/11/10 13:45:10,719.000[stsample.cpp:194][INFO]:111
2017/11/10 13:45:10,720.000[stsample.cpp:195][INFO]:111
2017/11/10 13:45:10,721.000[stsample.cpp:198][INFO]:111
2017/11/10 13:45:10,722.000[stsample.cpp:200][INFO]:111
2017/11/10 13:45:10,751.000[stsample.cpp:88][INFO]:111
2017/11/10 13:45:10,751.000[stsample.cpp:110][INFO]:111:59ded446e355200aacff75bc-common
2017/11/10 13:45:10,756.000[stsample.cpp:112][INFO]:111
2017/11/10 13:45:10,756.000[stsample.cpp:114][INFO]:111
2017/11/10 13:45:10,757.000[stsample.cpp:116][INFO]:111
2017/11/10 13:45:10,758.000[stsample.cpp:118][INFO]:111
2017/11/10 13:45:10,758.000[stsample.cpp:121][INFO]:111
2017/11/10 13:45:10,759.000[stsample.cpp:123][INFO]:111
2017/11/10 13:46:56,905.000[stsample.cpp:8][INFO]:STSample start...
2017/11/10 13:47:04,037.000[stsample.cpp:88][INFO]:111
2017/11/10 13:47:06,301.000[stsample.cpp:182][INFO]:111
2017/11/10 13:47:06,302.000[stsample.cpp:189][INFO]:111
2017/11/10 13:47:06,354.000[stsample.cpp:194][INFO]:111
2017/11/10 13:47:06,354.000[stsample.cpp:195][INFO]:111
2017/11/10 13:47:06,357.000[stsample.cpp:198][INFO]:111
2017/11/10 13:47:06,359.000[stsample.cpp:200][INFO]:111
2017/11/10 13:47:06,401.000[stsample.cpp:88][INFO]:111
2017/11/10 13:47:06,402.000[stsample.cpp:110][INFO]:111:496593030404812000
2017/11/10 13:47:06,405.000[stsample.cpp:112][INFO]:111
2017/11/10 13:47:06,407.000[stsample.cpp:114][INFO]:111
2017/11/10 13:47:06,407.000[stsample.cpp:116][INFO]:111
2017/11/10 13:47:06,408.000[stsample.cpp:118][INFO]:111
2017/11/10 13:47:06,409.000[stsample.cpp:121][INFO]:111
2017/11/10 13:47:06,409.000[stsample.cpp:123][INFO]:111
2017/11/10 13:47:07,779.000[stsample.cpp:88][INFO]:111
2017/11/10 13:47:10,202.000[stsample.cpp:182][INFO]:111
2017/11/10 13:47:10,203.000[stsample.cpp:189][INFO]:111
2017/11/10 13:47:10,249.000[stsample.cpp:194][INFO]:111
2017/11/10 13:47:10,250.000[stsample.cpp:195][INFO]:111
2017/11/10 13:47:10,252.000[stsample.cpp:198][INFO]:111
2017/11/10 13:47:10,253.000[stsample.cpp:200][INFO]:111
2017/11/10 13:47:10,284.000[stsample.cpp:88][INFO]:111
2017/11/10 13:47:10,284.000[stsample.cpp:110][INFO]:111:496593030404812000
2017/11/10 13:47:10,287.000[stsample.cpp:112][INFO]:111
2017/11/10 13:47:10,288.000[stsample.cpp:114][INFO]:111
2017/11/10 13:47:10,289.000[stsample.cpp:116][INFO]:111
2017/11/10 13:47:10,290.000[stsample.cpp:118][INFO]:111
2017/11/10 13:47:10,290.000[stsample.cpp:121][INFO]:111
2017/11/10 13:47:10,291.000[stsample.cpp:123][INFO]:111
2017/11/10 13:48:13,365.000[stsample.cpp:8][INFO]:STSample start...
2017/11/10 13:48:19,860.000[stsample.cpp:88][INFO]:111
2017/11/10 13:48:20,001.000[stsample.cpp:182][INFO]:111
2017/11/10 13:48:20,002.000[stsample.cpp:189][INFO]:111
2017/11/10 13:48:20,047.000[stsample.cpp:194][INFO]:111
2017/11/10 13:48:20,048.000[stsample.cpp:195][INFO]:111
2017/11/10 13:48:20,049.000[stsample.cpp:198][INFO]:111
2017/11/10 13:48:20,050.000[stsample.cpp:200][INFO]:111
2017/11/10 13:48:20,077.000[stsample.cpp:88][INFO]:111
2017/11/10 13:48:20,078.000[stsample.cpp:110][INFO]:111:496593030404812000
2017/11/10 13:48:20,078.000[stsample.cpp:112][INFO]:111
2017/11/10 13:48:20,079.000[stsample.cpp:114][INFO]:111
2017/11/10 13:48:20,079.000[stsample.cpp:116][INFO]:111
2017/11/10 13:48:20,080.000[stsample.cpp:118][INFO]:111
2017/11/10 13:48:20,081.000[stsample.cpp:121][INFO]:111
2017/11/10 13:48:20,081.000[stsample.cpp:123][INFO]:111
2017/11/10 13:51:09,143.000[stsample.cpp:8][INFO]:STSample start...
2017/11/10 13:51:14,521.000[stsample.cpp:88][INFO]:111
2017/11/10 13:51:14,599.000[stsample.cpp:182][INFO]:111
2017/11/10 13:51:14,600.000[stsample.cpp:189][INFO]:111
2017/11/10 13:51:14,652.000[stsample.cpp:194][INFO]:111
2017/11/10 13:51:14,652.000[stsample.cpp:195][INFO]:111
2017/11/10 13:51:14,653.000[stsample.cpp:198][INFO]:111
2017/11/10 13:51:14,655.000[stsample.cpp:200][INFO]:111
2017/11/10 13:51:14,679.000[stsample.cpp:88][INFO]:111
2017/11/10 13:51:14,680.000[stsample.cpp:110][INFO]:111:59ded446e355200aacff75bc-common
2017/11/10 13:51:14,681.000[stsample.cpp:112][INFO]:111
2017/11/10 13:51:14,682.000[stsample.cpp:114][INFO]:111
2017/11/10 13:51:14,682.000[stsample.cpp:116][INFO]:111
2017/11/10 13:51:14,683.000[stsample.cpp:118][INFO]:111
2017/11/10 13:51:14,683.000[stsample.cpp:121][INFO]:111
2017/11/10 13:51:14,684.000[stsample.cpp:123][INFO]:111
2017/11/10 13:51:15,907.000[stsample.cpp:88][INFO]:111
2017/11/10 13:51:16,671.000[stsample.cpp:88][INFO]:111
2017/11/10 13:51:19,292.000[stsample.cpp:88][INFO]:111
2017/11/10 13:51:19,859.000[stsample.cpp:182][INFO]:111
2017/11/10 13:51:19,860.000[stsample.cpp:189][INFO]:111
2017/11/10 13:51:19,907.000[stsample.cpp:194][INFO]:111
2017/11/10 13:51:19,908.000[stsample.cpp:195][INFO]:111
2017/11/10 13:51:19,909.000[stsample.cpp:198][INFO]:111
2017/11/10 13:51:19,910.000[stsample.cpp:200][INFO]:111
2017/11/10 13:51:19,915.000[stsample.cpp:88][INFO]:111
2017/11/10 13:51:19,915.000[stsample.cpp:110][INFO]:111:59ded446e355200aacff75bc-second
2017/11/10 13:51:19,916.000[stsample.cpp:112][INFO]:111
2017/11/10 13:51:19,917.000[stsample.cpp:114][INFO]:111
2017/11/10 13:51:19,918.000[stsample.cpp:116][INFO]:111
2017/11/10 13:51:19,919.000[stsample.cpp:118][INFO]:111
2017/11/10 13:51:19,919.000[stsample.cpp:121][INFO]:111
2017/11/10 13:51:19,920.000[stsample.cpp:123][INFO]:111
2017/11/10 13:53:04,777.000[stsample.cpp:8][INFO]:STSample start...
2017/11/10 13:53:10,325.000[stsample.cpp:88][INFO]:111
2017/11/10 13:53:12,484.000[stsample.cpp:182][INFO]:111
2017/11/10 13:53:12,485.000[stsample.cpp:189][INFO]:111
2017/11/10 13:53:12,532.000[stsample.cpp:194][INFO]:111
2017/11/10 13:53:12,533.000[stsample.cpp:195][INFO]:111
2017/11/10 13:53:12,534.000[stsample.cpp:198][INFO]:111
2017/11/10 13:53:12,536.000[stsample.cpp:200][INFO]:111
2017/11/10 13:53:12,564.000[stsample.cpp:88][INFO]:111
2017/11/10 13:53:12,565.000[stsample.cpp:110][INFO]:111:496593030404812000
2017/11/10 13:53:12,565.000[stsample.cpp:112][INFO]:111
2017/11/10 13:53:12,566.000[stsample.cpp:114][INFO]:111
2017/11/10 13:53:12,566.000[stsample.cpp:116][INFO]:111
2017/11/10 13:53:12,567.000[stsample.cpp:118][INFO]:111
2017/11/10 13:53:12,568.000[stsample.cpp:121][INFO]:111
2017/11/10 13:53:12,569.000[stsample.cpp:123][INFO]:111
2017/11/10 13:53:14,898.000[stsample.cpp:88][INFO]:111
2017/11/10 13:53:16,064.000[stsample.cpp:182][INFO]:111
2017/11/10 13:53:16,065.000[stsample.cpp:189][INFO]:111
2017/11/10 13:53:16,111.000[stsample.cpp:194][INFO]:111
2017/11/10 13:53:16,112.000[stsample.cpp:195][INFO]:111
2017/11/10 13:53:16,113.000[stsample.cpp:198][INFO]:111
2017/11/10 13:53:16,114.000[stsample.cpp:200][INFO]:111
2017/11/10 13:53:16,152.000[stsample.cpp:88][INFO]:111
2017/11/10 13:53:16,153.000[stsample.cpp:110][INFO]:111:496593030404812000
2017/11/10 13:53:16,154.000[stsample.cpp:112][INFO]:111
2017/11/10 13:53:16,154.000[stsample.cpp:114][INFO]:111
2017/11/10 13:53:16,155.000[stsample.cpp:116][INFO]:111
2017/11/10 13:53:16,155.000[stsample.cpp:118][INFO]:111
2017/11/10 13:53:16,156.000[stsample.cpp:121][INFO]:111
2017/11/10 13:53:16,156.000[stsample.cpp:123][INFO]:111
2017/11/10 13:53:48,803.000[stsample.cpp:8][INFO]:STSample start...
2017/11/10 13:55:15,914.000[stsample.cpp:8][INFO]:STSample start...
2017/11/10 13:56:44,306.000[stsample.cpp:8][INFO]:STSample start...
2017/11/10 13:57:27,521.000[stsample.cpp:8][INFO]:STSample start...
2017/11/10 13:59:41,031.000[stsample.cpp:8][INFO]:STSample start...
2017/11/10 13:59:46,463.000[stsample.cpp:88][INFO]:111
2017/11/10 13:59:47,221.000[stsample.cpp:88][INFO]:111
2017/11/10 13:59:48,502.000[stsample.cpp:88][INFO]:111
2017/11/10 13:59:49,022.000[stsample.cpp:88][INFO]:111
2017/11/10 13:59:49,024.000[stsample.cpp:110][INFO]:111:59ded446e355200aacff75bc-second
2017/11/10 13:59:49,025.000[stsample.cpp:112][INFO]:111
2017/11/10 13:59:49,026.000[stsample.cpp:114][INFO]:111
2017/11/10 13:59:49,026.000[stsample.cpp:116][INFO]:111
2017/11/10 13:59:49,027.000[stsample.cpp:118][INFO]:111
2017/11/10 13:59:49,028.000[stsample.cpp:121][INFO]:111
2017/11/10 13:59:49,028.000[stsample.cpp:123][INFO]:111
2017/11/10 13:59:50,365.000[stsample.cpp:88][INFO]:111
2017/11/10 13:59:50,365.000[stsample.cpp:110][INFO]:111:59ded446e355200aacff75bc-common
2017/11/10 13:59:50,366.000[stsample.cpp:112][INFO]:111
2017/11/10 13:59:50,368.000[stsample.cpp:114][INFO]:111
2017/11/10 13:59:50,371.000[stsample.cpp:116][INFO]:111
2017/11/10 13:59:50,371.000[stsample.cpp:118][INFO]:111
2017/11/10 13:59:50,372.000[stsample.cpp:121][INFO]:111
2017/11/10 13:59:50,373.000[stsample.cpp:123][INFO]:111
2017/11/10 14:01:11,298.000[stsample.cpp:8][INFO]:STSample start...
2017/11/10 14:01:18,558.000[stsample.cpp:88][INFO]:111
2017/11/10 14:01:19,361.000[stsample.cpp:88][INFO]:111
2017/11/10 14:01:20,726.000[stsample.cpp:88][INFO]:111
2017/11/10 14:01:21,046.000[stsample.cpp:88][INFO]:111
2017/11/10 14:01:42,435.000[stsample.cpp:8][INFO]:STSample start...
2017/11/10 14:01:49,812.000[stsample.cpp:88][INFO]:111
2017/11/10 14:01:50,764.000[stsample.cpp:88][INFO]:111
2017/11/10 14:01:52,035.000[stsample.cpp:88][INFO]:111
2017/11/10 14:01:52,332.000[stsample.cpp:88][INFO]:111
2017/11/10 14:01:53,875.000[stsample.cpp:88][INFO]:111
2017/11/10 14:01:54,678.000[stsample.cpp:88][INFO]:111
2017/11/10 14:01:56,304.000[stsample.cpp:88][INFO]:111
2017/11/10 14:01:57,093.000[stsample.cpp:88][INFO]:111
2017/11/10 14:01:58,698.000[stsample.cpp:88][INFO]:111
2017/11/10 14:01:59,441.000[stsample.cpp:88][INFO]:111
2017/11/10 14:02:01,002.000[stsample.cpp:88][INFO]:111
2017/11/10 14:02:01,797.000[stsample.cpp:88][INFO]:111
2017/11/10 14:02:02,842.000[stsample.cpp:88][INFO]:111
2017/11/10 14:02:03,771.000[stsample.cpp:88][INFO]:111
2017/11/10 14:02:05,144.000[stsample.cpp:88][INFO]:111
2017/11/10 14:02:05,845.000[stsample.cpp:88][INFO]:111
2017/11/10 14:02:06,768.000[stsample.cpp:88][INFO]:111
2017/11/10 14:02:07,495.000[stsample.cpp:88][INFO]:111
2017/11/10 14:02:08,323.000[stsample.cpp:88][INFO]:111
2017/11/10 14:02:09,361.000[stsample.cpp:88][INFO]:111
2017/11/10 14:02:10,097.000[stsample.cpp:88][INFO]:111
2017/11/10 14:02:10,280.000[stsample.cpp:88][INFO]:111
2017/11/10 14:02:11,200.000[stsample.cpp:88][INFO]:111
2017/11/10 14:02:12,098.000[stsample.cpp:88][INFO]:111
2017/11/10 14:02:12,968.000[stsample.cpp:88][INFO]:111
2017/11/10 14:02:13,633.000[stsample.cpp:88][INFO]:111
2017/11/10 14:02:14,160.000[stsample.cpp:88][INFO]:111
2017/11/10 14:02:15,130.000[stsample.cpp:88][INFO]:111
2017/11/10 14:02:35,376.000[stsample.cpp:8][INFO]:STSample start...
2017/11/10 14:02:42,290.000[stsample.cpp:88][INFO]:111
2017/11/10 14:02:43,288.000[stsample.cpp:88][INFO]:111
2017/11/10 14:02:44,501.000[stsample.cpp:88][INFO]:111
2017/11/10 14:02:46,739.000[stsample.cpp:88][INFO]:111
2017/11/10 14:02:48,937.000[stsample.cpp:88][INFO]:111
2017/11/10 14:02:50,882.000[stsample.cpp:88][INFO]:111
2017/11/10 14:02:52,334.000[stsample.cpp:88][INFO]:111
2017/11/10 14:02:53,182.000[stsample.cpp:88][INFO]:111
2017/11/10 14:02:54,110.000[stsample.cpp:88][INFO]:111
2017/11/10 14:02:54,835.000[stsample.cpp:88][INFO]:111
2017/11/10 14:02:55,966.000[stsample.cpp:88][INFO]:111
2017/11/10 14:02:56,906.000[stsample.cpp:88][INFO]:111
2017/11/10 14:02:58,001.000[stsample.cpp:88][INFO]:111
2017/11/10 14:02:59,032.000[stsample.cpp:88][INFO]:111
2017/11/10 14:02:59,899.000[stsample.cpp:88][INFO]:111
2017/11/10 14:03:00,716.000[stsample.cpp:88][INFO]:111
2017/11/10 14:03:01,759.000[stsample.cpp:88][INFO]:111
2017/11/10 14:03:02,708.000[stsample.cpp:88][INFO]:111
2017/11/10 14:03:03,725.000[stsample.cpp:88][INFO]:111
2017/11/10 14:03:03,868.000[stsample.cpp:88][INFO]:111
2017/11/10 14:03:04,624.000[stsample.cpp:88][INFO]:111
2017/11/10 14:03:05,905.000[stsample.cpp:88][INFO]:111
2017/11/10 14:03:06,659.000[stsample.cpp:88][INFO]:111
2017/11/10 14:03:32,521.000[stsample.cpp:8][INFO]:STSample start...
2017/11/10 14:03:37,909.000[stsample.cpp:88][INFO]:111
2017/11/10 14:03:39,191.000[stsample.cpp:88][INFO]:111
2017/11/10 14:03:41,369.000[stsample.cpp:88][INFO]:111
2017/11/10 14:03:44,332.000[stsample.cpp:88][INFO]:111
2017/11/10 14:03:45,833.000[stsample.cpp:88][INFO]:111
2017/11/10 14:03:46,854.000[stsample.cpp:88][INFO]:111
2017/11/10 14:03:48,027.000[stsample.cpp:88][INFO]:111
2017/11/10 14:03:49,262.000[stsample.cpp:88][INFO]:111
2017/11/10 14:03:51,887.000[stsample.cpp:88][INFO]:111
2017/11/10 14:03:52,487.000[stsample.cpp:88][INFO]:111
2017/11/10 14:03:53,354.000[stsample.cpp:88][INFO]:111
2017/11/10 14:03:54,288.000[stsample.cpp:88][INFO]:111
2017/11/10 14:03:55,163.000[stsample.cpp:88][INFO]:111
2017/11/10 14:03:55,878.000[stsample.cpp:88][INFO]:111
2017/11/10 14:03:56,027.000[stsample.cpp:88][INFO]:111
2017/11/10 14:03:56,723.000[stsample.cpp:88][INFO]:111
2017/11/10 14:04:55,660.000[stsample.cpp:8][INFO]:STSample start...
2017/11/10 14:09:42,719.000[stsample.cpp:8][INFO]:STSample start...
2017/11/10 14:11:56,997.000[stsample.cpp:8][INFO]:STSample start...
2017/11/10 14:12:31,112.000[stsample.cpp:8][INFO]:STSample start...
2017/11/10 14:17:00,848.000[stsample.cpp:8][INFO]:STSample start...
2017/11/10 14:17:48,117.000[stsample.cpp:8][INFO]:STSample start...
2017/11/10 14:18:35,100.000[stsample.cpp:8][INFO]:STSample start...
2017/11/10 14:21:54,548.000[stsample.cpp:8][INFO]:STSample start...
2017/11/10 14:41:42,480.000[stsample.cpp:8][INFO]:STSample start...
2017/11/10 14:52:33,229.000[stsample.cpp:8][INFO]:STSample start...
2017/11/10 14:53:53,761.000[stsample.cpp:8][INFO]:STSample start...
2017/11/10 14:54:07,916.000[stsample.cpp:8][INFO]:STSample start...
2017/11/10 14:55:41,135.000[stsample.cpp:8][INFO]:STSample start...
2017/11/10 14:57:11,077.000[stsample.cpp:8][INFO]:STSample start...
2017/11/10 14:58:20,587.000[stsample.cpp:8][INFO]:STSample start...
2017/11/10 14:58:53,052.000[stsample.cpp:8][INFO]:STSample start...
2017/11/10 14:59:34,487.000[stsample.cpp:8][INFO]:STSample start...
2017/11/10 15:03:58,381.000[stsample.cpp:8][INFO]:STSample start...
2017/11/10 15:06:53,401.000[stsample.cpp:8][INFO]:STSample start...
2017/11/10 15:20:40,554.000[stsample.cpp:8][INFO]:STSample start...
2017/11/10 15:24:29,159.000[stsample.cpp:8][INFO]:STSample start...
2017/11/10 15:25:06,961.000[stsample.cpp:8][INFO]:STSample start...
2017/11/10 15:28:45,191.000[stsample.cpp:8][INFO]:STSample start...
2017/11/10 15:29:08,414.000[stsample.cpp:8][INFO]:STSample start...
2017/11/10 15:30:11,782.000[stsample.cpp:8][INFO]:STSample start...
2017/11/10 15:31:22,851.000[stsample.cpp:8][INFO]:STSample start...
2017/11/10 15:32:50,595.000[stsample.cpp:8][INFO]:STSample start...
2017/11/10 15:33:35,954.000[stsample.cpp:8][INFO]:STSample start...
2017/11/10 15:33:48,429.000[stsample.cpp:8][INFO]:STSample start...
2017/11/10 15:34:27,684.000[stsample.cpp:8][INFO]:STSample start...
2017/11/10 15:34:38,214.000[stsample.cpp:8][INFO]:STSample start...
2017/11/10 15:35:28,515.000[stsample.cpp:8][INFO]:STSample start...
2017/11/10 15:37:36,556.000[stsample.cpp:8][INFO]:STSample start...
2017/11/10 15:39:09,671.000[stsample.cpp:8][INFO]:STSample start...
2017/11/10 15:49:00,863.000[stsample.cpp:8][INFO]:STSample start...
2017/11/10 15:57:27,723.000[stsample.cpp:8][INFO]:STSample start...
2017/11/10 16:08:14,542.000[stsample.cpp:8][INFO]:STSample start...
2017/11/10 16:09:24,584.000[stsample.cpp:8][INFO]:STSample start...
2017/11/10 16:13:51,996.000[stsample.cpp:8][INFO]:STSample start...
2017/11/10 16:20:27,054.000[stsample.cpp:8][INFO]:STSample start...
2017/11/10 16:20:54,996.000[stsample.cpp:8][INFO]:STSample start...
2017/11/10 16:21:48,862.000[stsample.cpp:8][INFO]:STSample start...
2017/11/10 16:30:35,559.000[stsample.cpp:8][INFO]:STSample start...
