h:\桌面\软终端\stsample\stsample\debug\vc140.pdb
h:\桌面\软终端\stsample\stsample\debug\stcontactaddnew.obj
h:\桌面\软终端\stsample\stsample\debug\stconfig.obj
h:\桌面\软终端\stsample\stsample\debug\stchatdetail.obj
h:\桌面\软终端\stsample\stsample\debug\stchatrecorditem.obj
h:\桌面\软终端\stsample\stsample\debug\stchatitem.obj
h:\桌面\软终端\stsample\stsample\debug\render.obj
h:\桌面\软终端\stsample\stsample\debug\main.obj
h:\桌面\软终端\stsample\stsample\debug\logger.obj
h:\桌面\软终端\stsample\stsample\debug\moc_xmppregister.obj
h:\桌面\软终端\stsample\stsample\debug\moc_xmppclient.obj
h:\桌面\软终端\stsample\stsample\debug\moc_stsample.obj
h:\桌面\软终端\stsample\stsample\debug\moc_stmain.obj
h:\桌面\软终端\stsample\stsample\debug\moc_stloginrotate.obj
h:\桌面\软终端\stsample\stsample\debug\moc_stcontactitem.obj
h:\桌面\软终端\stsample\stsample\debug\moc_stcontactdetail.obj
h:\桌面\软终端\stsample\stsample\debug\moc_stcontactaddnew.obj
h:\桌面\软终端\stsample\stsample\debug\moc_stchatrecorditem.obj
h:\桌面\软终端\stsample\stsample\debug\moc_stchatitem.obj
h:\桌面\软终端\stsample\stsample\debug\moc_stchatdetail.obj
h:\桌面\软终端\stsample\stsample\debug\moc_render.obj
h:\桌面\软终端\stsample\stsample\debug\xmppregister.obj
h:\桌面\软终端\stsample\stsample\debug\xmppclient.obj
h:\桌面\软终端\stsample\stsample\debug\token.obj
h:\桌面\软终端\stsample\stsample\debug\stsample.obj
h:\桌面\软终端\stsample\stsample\debug\strecordmanager.obj
h:\桌面\软终端\stsample\stsample\debug\stmain.obj
h:\桌面\软终端\stsample\stsample\debug\stloginrotate.obj
h:\桌面\软终端\stsample\stsample\debug\stcontactitem.obj
h:\桌面\软终端\stsample\stsample\debug\stcontactdetail.obj
h:\桌面\软终端\stsample\stsample\debug\qrc_stsample.obj
h:\桌面\软终端\stsample\stsample\generatedfiles\debug\moc_stsample.cpp
h:\桌面\软终端\stsample\stsample\generatedfiles\ui_stsample.h
h:\桌面\软终端\stsample\stsample\generatedfiles\debug\moc_xmppregister.cpp
h:\桌面\软终端\stsample\stsample\generatedfiles\debug\moc_stcontactitem.cpp
h:\桌面\软终端\stsample\stsample\generatedfiles\debug\moc_stcontactdetail.cpp
h:\桌面\软终端\stsample\stsample\generatedfiles\debug\moc_stchatitem.cpp
h:\桌面\软终端\stsample\stsample\generatedfiles\debug\moc_stchatrecorditem.cpp
h:\桌面\软终端\stsample\stsample\generatedfiles\debug\moc_xmppclient.cpp
h:\桌面\软终端\stsample\stsample\generatedfiles\debug\moc_render.cpp
h:\桌面\软终端\stsample\stsample\generatedfiles\qrc_stsample.cpp
h:\桌面\软终端\stsample\stsample\generatedfiles\ui_stcontactitem.h
h:\桌面\软终端\stsample\stsample\generatedfiles\ui_stchatitem.h
h:\桌面\软终端\stsample\stsample\generatedfiles\ui_stcontactdetail.h
h:\桌面\软终端\stsample\stsample\generatedfiles\ui_stlogin.h
h:\桌面\软终端\stsample\stsample\generatedfiles\ui_stconfig.h
h:\桌面\软终端\stsample\stsample\generatedfiles\ui_stcontactaddnew.h
h:\桌面\软终端\stsample\stsample\generatedfiles\debug\moc_stloginrotate.cpp
h:\桌面\软终端\stsample\stsample\generatedfiles\ui_stregist.h
h:\桌面\软终端\stsample\stsample\generatedfiles\ui_stchatdetail.h
h:\桌面\软终端\stsample\stsample\generatedfiles\debug\moc_stchatdetail.cpp
h:\桌面\软终端\stsample\stsample\generatedfiles\ui_stchatrecorditem.h
h:\桌面\软终端\stsample\stsample\generatedfiles\debug\moc_stcontactaddnew.cpp
h:\桌面\软终端\stsample\stsample\generatedfiles\debug\moc_stmain.cpp
h:\桌面\软终端\stsample\stsample\generatedfiles\ui_stmain.h
h:\桌面\软终端\stsample\win32\debug\stsample.ilk
h:\桌面\软终端\stsample\win32\debug\stsample.exe
h:\桌面\软终端\stsample\win32\debug\stsample.pdb
h:\桌面\软终端\stsample\stsample\debug\stsample.tlog\cl.command.1.tlog
h:\桌面\软终端\stsample\stsample\debug\stsample.tlog\cl.read.1.tlog
h:\桌面\软终端\stsample\stsample\debug\stsample.tlog\cl.write.1.tlog
h:\桌面\软终端\stsample\stsample\debug\stsample.tlog\custombuild.command.1.tlog
h:\桌面\软终端\stsample\stsample\debug\stsample.tlog\custombuild.read.1.tlog
h:\桌面\软终端\stsample\stsample\debug\stsample.tlog\custombuild.write.1.tlog
h:\桌面\软终端\stsample\stsample\debug\stsample.tlog\link.command.1.tlog
h:\桌面\软终端\stsample\stsample\debug\stsample.tlog\link.read.1.tlog
h:\桌面\软终端\stsample\stsample\debug\stsample.tlog\link.write.1.tlog
